<?xml version="1.0" encoding="UTF-8"?>
<!-- Generated by org.testng.reporters.JUnitReportReporter -->
<testsuite skipped="0" hostname="DESKTOP-GVGEMUQ" name="com.Tests.HomePageTest" tests="1" failures="0" timestamp="2023-01-16T21:38:45 IST" time="12.499" errors="0">
  <testcase name="sortedAmount" time="12.499" classname="com.Tests.HomePageTest"/>
  <system-out/>
</testsuite> <!-- com.Tests.HomePageTest -->
